Build started 2/26/2015 10:25:42 PM.
     1>Project "C:\Users\Max\Documents\GitHub\BoulderBashGit\BoulderBlast\BoulderBlast\BoulderBlast.vcxproj" on node 2 (Build target(s)).
     1>ClCompile:
         C:\Program Files (x86)\Microsoft Visual Studio 12.0\VC\bin\CL.exe /c /ZI /nologo /W3 /WX- /sdl /Od /Oy- /D WIN32 /D _DEBUG /D _CONSOLE /D _CRT_SECURE_NO_WARNINGS /D GLUT_BUILDING_LIB /D _UNICODE /D UNICODE /Gm /EHsc /RTC1 /MDd /GS /fp:precise /Zc:wchar_t /Zc:forScope /Fo"Debug\\" /Fd"Debug\vc120.pdb" /Gd /TP /analyze- /errorReport:prompt Actor.cpp StudentWorld.cpp
         Actor.cpp
     1>c:\users\max\documents\github\boulderbashgit\boulderblast\boulderblast\actor.cpp(274): warning C4101: 'moved' : unreferenced local variable
         Generating Code...
     1>c:\users\max\documents\github\boulderbashgit\boulderblast\boulderblast\actor.cpp(263): warning C4715: 'Robot::shotNotBlocked' : not all control paths return a value
     1>c:\users\max\documents\github\boulderbashgit\boulderblast\boulderblast\actor.cpp(647): warning C4715: 'getRandomDirection' : not all control paths return a value
         Skipping... (no relevant changes detected)
         StudentWorld.cpp
       Link:
         C:\Program Files (x86)\Microsoft Visual Studio 12.0\VC\bin\link.exe /ERRORREPORT:PROMPT /OUT:"C:\Users\Max\Documents\GitHub\BoulderBashGit\BoulderBlast\Debug\BoulderBlast.exe" /INCREMENTAL /NOLOGO kernel32.lib user32.lib gdi32.lib winspool.lib comdlg32.lib advapi32.lib shell32.lib ole32.lib oleaut32.lib uuid.lib odbc32.lib odbccp32.lib /MANIFEST /MANIFESTUAC:"level='asInvoker' uiAccess='false'" /manifest:embed /DEBUG /PDB:"C:\Users\Max\Documents\GitHub\BoulderBashGit\BoulderBlast\Debug\BoulderBlast.pdb" /SUBSYSTEM:CONSOLE /TLBID:1 /DYNAMICBASE /NXCOMPAT /IMPLIB:"C:\Users\Max\Documents\GitHub\BoulderBashGit\BoulderBlast\Debug\BoulderBlast.lib" /MACHINE:X86 Debug\Actor.obj
         Debug\GameController.obj
         Debug\GameWorld.obj
         Debug\main.obj
         Debug\StudentWorld.obj
         BoulderBlast.vcxproj -> C:\Users\Max\Documents\GitHub\BoulderBashGit\BoulderBlast\Debug\BoulderBlast.exe
     1>Done Building Project "C:\Users\Max\Documents\GitHub\BoulderBashGit\BoulderBlast\BoulderBlast\BoulderBlast.vcxproj" (Build target(s)).

Build succeeded.

Time Elapsed 00:00:02.88
